<?xml version="1.0" encoding="UTF-8"?>
<!-- Generated by org.testng.reporters.JUnitReportReporter -->
<testsuite skipped="0" hostname="DESKTOP-IE43Q2U" name="com.intbanking.testCases.TC_LoginTest_001" tests="1" failures="0" timestamp="19 Jul 2020 18:13:02 GMT" time="11.539" errors="0">
  <testcase name="loginTest" time="11.539" classname="com.intbanking.testCases.TC_LoginTest_001"/>
</testsuite> <!-- com.intbanking.testCases.TC_LoginTest_001 -->
