<?xml version="1.0" encoding="UTF-8"?>
<!-- Generated by org.testng.reporters.JUnitReportReporter -->
<testsuite skipped="0" hostname="DESKTOP-IE43Q2U" name="com.inetbanking.testCases.TC_LoginTest_001" tests="1" failures="0" timestamp="02 Aug 2020 21:49:33 GMT" time="8.723" errors="0">
  <testcase name="loginTest" time="8.723" classname="com.inetbanking.testCases.TC_LoginTest_001"/>
</testsuite> <!-- com.inetbanking.testCases.TC_LoginTest_001 -->
